<?xml version="1.0" encoding="UTF-8"?>
<testng-results ignored="0" total="1" passed="1" failed="0" skipped="0">
  <reporter-output>
  </reporter-output>
  <suite started-at="2022-09-22T13:14:44 BDT" name="Default suite" finished-at="2022-09-22T13:20:57 BDT" duration-ms="373054">
    <groups>
    </groups>
    <test started-at="2022-09-22T13:14:44 BDT" name="Default test" finished-at="2022-09-22T13:20:57 BDT" duration-ms="373054">
      <class name="testCases.TestCase002">
        <test-method is-config="true" signature="start()[pri:0, instance:testCases.TestCase002@27ead29e]" started-at="2022-09-22T13:14:44 BDT" name="start" finished-at="2022-09-22T13:14:49 BDT" duration-ms="4448" status="PASS">
          <reporter-output>
          </reporter-output>
        </test-method> <!-- start -->
        <test-method signature="loginTest()[pri:0, instance:testCases.TestCase002@27ead29e]" started-at="2022-09-22T13:14:49 BDT" name="loginTest" finished-at="2022-09-22T13:20:57 BDT" duration-ms="368546" status="PASS">
          <reporter-output>
          </reporter-output>
        </test-method> <!-- loginTest -->
      </class> <!-- testCases.TestCase002 -->
    </test> <!-- Default test -->
  </suite> <!-- Default suite -->
</testng-results>
